<?xml version="1.0" encoding="UTF-8"?>
<!-- Generated by org.testng.reporters.JUnitReportReporter -->
<testsuite skipped="0" hostname="BYO-MacBook-Air.local" name="com.classplusapp.classplus.ClassPlus" tests="1" failures="0" timestamp="20 Jan 2019 20:56:52 GMT" time="0.019" errors="0">
  <testcase name="titleVerify" time="0.019" classname="com.classplusapp.classplus.ClassPlus"/>
</testsuite> <!-- com.classplusapp.classplus.ClassPlus -->
